<?xml version="1.0" encoding="UTF-8"?>
<!-- Generated by org.testng.reporters.JUnitXMLReporter -->
<testsuite hostname="LAPTOP-IA991PMQ" ignored="0" name="Default test" tests="3" failures="0" timestamp="2022-04-04T15:01:42 IST" time="253.1" errors="0">
  <testcase name="BeachDressDress" time="31.664" classname="org.runner_class_testng.PurchaseDress_TestNg"/>
  <testcase name="CasualDress" time="64.939" classname="org.runner_class_testng.PurchaseDress_TestNg"/>
  <testcase name="SummerDressDress" time="73.088" classname="org.runner_class_testng.PurchaseDress_TestNg"/>
</testsuite> <!-- Default test -->
